[debug] [2023-08-09T06:41:05.223Z] ----------------------------------------------------------------------
[debug] [2023-08-09T06:41:05.229Z] Command:       C:\Program Files\nodejs\node.exe C:\Users\hp\AppData\Roaming\npm\node_modules\firebase-tools\lib\bin\firebase.js init
[debug] [2023-08-09T06:41:05.230Z] CLI Version:   12.4.7
[debug] [2023-08-09T06:41:05.232Z] Platform:      win32
[debug] [2023-08-09T06:41:05.233Z] Node Version:  v18.17.0
[debug] [2023-08-09T06:41:05.236Z] Time:          Wed Aug 09 2023 12:11:05 GMT+0530 (India Standard Time)
[debug] [2023-08-09T06:41:05.236Z] ----------------------------------------------------------------------
[debug] 
[debug] [2023-08-09T06:41:05.257Z] > command requires scopes: ["email","openid","https://www.googleapis.com/auth/cloudplatformprojects.readonly","https://www.googleapis.com/auth/firebase","https://www.googleapis.com/auth/cloud-platform"]
[debug] [2023-08-09T06:41:05.259Z] > authorizing via signed-in user (mygyasir8@gmail.com)
[info] 
     ######## #### ########  ######## ########     ###     ######  ########
     ##        ##  ##     ## ##       ##     ##  ##   ##  ##       ##
     ######    ##  ########  ######   ########  #########  ######  ######
     ##        ##  ##    ##  ##       ##     ## ##     ##       ## ##
     ##       #### ##     ## ######## ########  ##     ##  ######  ########

You're about to initialize a Firebase project in this directory:

  C:\Webpage

Before we get started, keep in mind:

  * You are currently outside your home directory

[info] 
=== Project Setup
[info] 
[info] First, let's associate this project directory with a Firebase project.
[info] You can create multiple project aliases by running firebase use --add, 
[info] but for now we'll just set up a default project.
[info] 
[debug] [2023-08-09T06:41:35.026Z] >>> [apiv2][query] GET https://firebase.googleapis.com/v1beta1/projects pageSize=100
[debug] [2023-08-09T06:41:36.502Z] <<< [apiv2][status] GET https://firebase.googleapis.com/v1beta1/projects 200
[debug] [2023-08-09T06:41:36.503Z] <<< [apiv2][body] GET https://firebase.googleapis.com/v1beta1/projects [omitted]
[info] i  Using project electrosion (Electrosion) 
[info] 
=== Hosting Setup
[info] 
[info] Your public directory is the folder (relative to your project directory) that
[info] will contain Hosting assets to be uploaded with firebase deploy. If you
[info] have a build process for your assets, use your build's output directory.
[info] 
[debug] [2023-08-09T06:42:06.707Z] >>> [apiv2][query] GET https://www.gstatic.com/firebasejs/releases.json [none]
[debug] [2023-08-09T06:42:07.178Z] <<< [apiv2][status] GET https://www.gstatic.com/firebasejs/releases.json 200
[debug] [2023-08-09T06:42:07.179Z] <<< [apiv2][body] GET https://www.gstatic.com/firebasejs/releases.json {"current":{"version":"10.1.0","browserURL":"https://www.gstatic.com/firebasejs/10.1.0/firebase.js","packageURL":"https://www.gstatic.com/firebasejs/10.1.0/firebase.tgz"},"live":{"version":"10.1","browserURL":"https://www.gstatic.com/firebasejs/live/10.1/firebase.js","packageURL":"https://www.gstatic.com/firebasejs/live/10.1/firebase.tgz"},"components":{"analytics":"https://www.gstatic.com/firebasejs/10.1.0/firebase-analytics.js","app":"https://www.gstatic.com/firebasejs/10.1.0/firebase-app.js","app-check":"https://www.gstatic.com/firebasejs/10.1.0/firebase-app-check.js","auth":"https://www.gstatic.com/firebasejs/10.1.0/firebase-auth.js","auth/cordova":"https://www.gstatic.com/firebasejs/10.1.0/firebase-auth/cordova.js","functions":"https://www.gstatic.com/firebasejs/10.1.0/firebase-functions.js","firestore":"https://www.gstatic.com/firebasejs/10.1.0/firebase-firestore.js","firestore/lite":"https://www.gstatic.com/firebasejs/10.1.0/firebase-firestore/lite.js","installations":"https://www.gstatic.com/firebasejs/10.1.0/firebase-installations.js","storage":"https://www.gstatic.com/firebasejs/10.1.0/firebase-storage.js","performance":"https://www.gstatic.com/firebasejs/10.1.0/firebase-performance.js","remote-config":"https://www.gstatic.com/firebasejs/10.1.0/firebase-remote-config.js","messaging":"https://www.gstatic.com/firebasejs/10.1.0/firebase-messaging.js","messaging/sw":"https://www.gstatic.com/firebasejs/10.1.0/firebase-messaging/sw.js","database":"https://www.gstatic.com/firebasejs/10.1.0/firebase-database.js","firestore.memory":"https://www.gstatic.com/firebasejs/10.1.0/firebase-firestore.memory.js"}}
[info] +  Wrote Webpage/index.html 
[info] 
[info] i  Didn't detect a .git folder. Assuming C:\Webpage is the project root. 
[info] i  Authorizing with GitHub to upload your service account to a GitHub repository's secrets store. 
[info] 
[info] Visit this URL on this device to log in:
[info] https://github.com/login/oauth/authorize?client_id=89cf50f02ac6aaed3484&state=819696952&redirect_uri=http%3A%2F%2Flocalhost%3A9005&scope=read%3Auser%20repo%20public_repo
[info] 
[info] Waiting for authentication...
[debug] [2023-08-09T06:42:30.658Z] >>> [apiv2][query] POST https://github.com/login/oauth/access_token [none]
[debug] [2023-08-09T06:42:30.659Z] >>> [apiv2][body] POST https://github.com/login/oauth/access_token [stream]
[debug] [2023-08-09T06:42:32.023Z] <<< [apiv2][status] POST https://github.com/login/oauth/access_token 200
[debug] [2023-08-09T06:42:32.024Z] <<< [apiv2][body] POST https://github.com/login/oauth/access_token {"access_token":"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","token_type":"bearer","scope":"read:user,repo"}
[debug] [2023-08-09T06:42:32.194Z] >>> [apiv2][query] GET https://api.github.com/user [none]
[debug] [2023-08-09T06:42:34.201Z] <<< [apiv2][status] GET https://api.github.com/user 200
[debug] [2023-08-09T06:42:34.202Z] <<< [apiv2][body] GET https://api.github.com/user {"login":"Mygyt11","id":123161087,"node_id":"U_kgDOB1dJ_w","avatar_url":"https://avatars.githubusercontent.com/u/123161087?v=4","gravatar_id":"","url":"https://api.github.com/users/Mygyt11","html_url":"https://github.com/Mygyt11","followers_url":"https://api.github.com/users/Mygyt11/followers","following_url":"https://api.github.com/users/Mygyt11/following{/other_user}","gists_url":"https://api.github.com/users/Mygyt11/gists{/gist_id}","starred_url":"https://api.github.com/users/Mygyt11/starred{/owner}{/repo}","subscriptions_url":"https://api.github.com/users/Mygyt11/subscriptions","organizations_url":"https://api.github.com/users/Mygyt11/orgs","repos_url":"https://api.github.com/users/Mygyt11/repos","events_url":"https://api.github.com/users/Mygyt11/events{/privacy}","received_events_url":"https://api.github.com/users/Mygyt11/received_events","type":"User","site_admin":false,"name":null,"company":null,"blog":"","location":null,"email":null,"hireable":null,"bio":null,"twitter_username":null,"public_repos":9,"public_gists":2,"followers":0,"following":0,"created_at":"2023-01-20T09:56:39Z","updated_at":"2023-08-08T14:38:51Z","private_gists":2,"total_private_repos":0,"owned_private_repos":0,"disk_usage":52,"collaborators":0,"two_factor_authentication":false,"plan":{"name":"free","space":976562499,"collaborators":0,"private_repos":10000}}
[info] 
[info] +  Success! Logged into GitHub as Mygyt11 
[info] 
